[debug] [2022-01-01T03:57:06.011Z] ----------------------------------------------------------------------
[debug] [2022-01-01T03:57:06.013Z] Command:       C:\Program Files\nodejs\node.exe C:\Users\pc\AppData\Roaming\npm\node_modules\firebase-tools\lib\bin\firebase.js emulators:start --only functions
[debug] [2022-01-01T03:57:06.013Z] CLI Version:   10.0.1
[debug] [2022-01-01T03:57:06.013Z] Platform:      win32
[debug] [2022-01-01T03:57:06.013Z] Node Version:  v16.13.0
[debug] [2022-01-01T03:57:06.014Z] Time:          Sat Jan 01 2022 12:57:06 GMT+0900 (대한민국 표준시)
[debug] [2022-01-01T03:57:06.014Z] ----------------------------------------------------------------------
[debug] 
[debug] [2022-01-01T03:57:06.058Z] > command requires scopes: ["email","openid","https://www.googleapis.com/auth/cloudplatformprojects.readonly","https://www.googleapis.com/auth/firebase","https://www.googleapis.com/auth/cloud-platform"]
[debug] [2022-01-01T03:57:06.058Z] > authorizing via signed-in user (pwy0223@gmail.com)
[info] i  emulators: Starting emulators: functions {"metadata":{"emulator":{"name":"hub"},"message":"Starting emulators: functions"}}
[debug] [2022-01-01T03:57:06.084Z] [hub] writing locator at C:\Users\pc\AppData\Local\Temp\hub-blog-61ad4.json
[warn] !  functions: The following emulators are not running, calls to these services from the Functions emulator will affect production: auth, firestore, database, hosting, pubsub, storage {"metadata":{"emulator":{"name":"functions"},"message":"The following emulators are not running, calls to these services from the Functions emulator will affect production: \u001b[1mauth, firestore, database, hosting, pubsub, storage\u001b[22m"}}
[info] +  functions: Using node@16 from host. {"metadata":{"emulator":{"name":"functions"},"message":"Using node@16 from host."}}
[debug] [2022-01-01T03:57:06.104Z] defaultcredentials: writing to file C:\Users\pc\AppData\Roaming\firebase\pwy0223_gmail_com_application_default_credentials.json
[debug] [2022-01-01T03:57:06.105Z] Setting GAC to C:\Users\pc\AppData\Roaming\firebase\pwy0223_gmail_com_application_default_credentials.json {"metadata":{"emulator":{"name":"functions"},"message":"Setting GAC to C:\\Users\\pc\\AppData\\Roaming\\firebase\\pwy0223_gmail_com_application_default_credentials.json"}}
[debug] [2022-01-01T03:57:06.106Z] >>> [apiv2][query] GET https://firebase.googleapis.com/v1beta1/projects/blog-61ad4/adminSdkConfig [none]
[debug] [2022-01-01T03:57:06.697Z] <<< [apiv2][status] GET https://firebase.googleapis.com/v1beta1/projects/blog-61ad4/adminSdkConfig 200
[debug] [2022-01-01T03:57:06.697Z] <<< [apiv2][body] GET https://firebase.googleapis.com/v1beta1/projects/blog-61ad4/adminSdkConfig {"projectId":"blog-61ad4","databaseURL":"https://blog-61ad4-default-rtdb.asia-southeast1.firebasedatabase.app","storageBucket":"blog-61ad4.appspot.com","locationId":"asia-northeast3"}
[debug] [2022-01-01T03:57:06.707Z] Ignoring unsupported arg: auto_download {"metadata":{"emulator":{"name":"ui"},"message":"Ignoring unsupported arg: auto_download"}}
[debug] [2022-01-01T03:57:06.707Z] Ignoring unsupported arg: port {"metadata":{"emulator":{"name":"ui"},"message":"Ignoring unsupported arg: port"}}
[debug] [2022-01-01T03:57:06.707Z] Starting Emulator UI with command {"binary":"node","args":["C:\\Users\\pc\\.cache\\firebase\\emulators\\ui-v1.6.4\\server.bundle.js"],"optionalArgs":[],"joinArgs":false} {"metadata":{"emulator":{"name":"ui"},"message":"Starting Emulator UI with command {\"binary\":\"node\",\"args\":[\"C:\\\\Users\\\\pc\\\\.cache\\\\firebase\\\\emulators\\\\ui-v1.6.4\\\\server.bundle.js\"],\"optionalArgs\":[],\"joinArgs\":false}"}}
[info] i  ui: Emulator UI logging to ui-debug.log {"metadata":{"emulator":{"name":"ui"},"message":"Emulator UI logging to \u001b[1mui-debug.log\u001b[22m"}}
[debug] [2022-01-01T03:57:06.777Z] Web / API server started at localhost:4000
 {"metadata":{"emulator":{"name":"ui"},"message":"Web / API server started at localhost:4000\n"}}
[info] i  functions: Watching "C:\src\my-web\functions" for Cloud Functions... {"metadata":{"emulator":{"name":"functions"},"message":"Watching \"C:\\src\\my-web\\functions\" for Cloud Functions..."}}
[debug] [2022-01-01T03:57:06.985Z] [worker-pool] addWorker(~diagnostic~) {"metadata":{"emulator":{"name":"functions"},"message":"[worker-pool] addWorker(~diagnostic~)"}}
[debug] [2022-01-01T03:57:06.985Z] [worker-pool] Adding worker with key ~diagnostic~, total=1 {"metadata":{"emulator":{"name":"functions"},"message":"[worker-pool] Adding worker with key ~diagnostic~, total=1"}}
[debug] [2022-01-01T03:57:06.985Z] [worker-pool] submitWork(triggerId=) {"metadata":{"emulator":{"name":"functions"},"message":"[worker-pool] submitWork(triggerId=)"}}
[debug] [2022-01-01T03:57:06.986Z] [worker-~diagnostic~-a8af539e-be8b-427d-a968-cf9251198252]: Assigning socketPath: \\?\pipe\C:\src\my-web\functions\18992 {"metadata":{"emulator":{"name":"functions"},"message":"[worker-~diagnostic~-a8af539e-be8b-427d-a968-cf9251198252]: Assigning socketPath: \\\\?\\pipe\\C:\\src\\my-web\\functions\\18992"}}
[debug] [2022-01-01T03:57:06.986Z] [worker-~diagnostic~-a8af539e-be8b-427d-a968-cf9251198252]: BUSY {"metadata":{"emulator":{"name":"functions"},"message":"[worker-~diagnostic~-a8af539e-be8b-427d-a968-cf9251198252]: BUSY"}}
[debug] [2022-01-01T03:57:07.102Z] [runtime-status] [18992] Functions runtime initialized. {"cwd":"C:\\src\\my-web\\functions","node_version":"16.13.0"} {"metadata":{"emulator":{"name":"functions"},"message":"[runtime-status] [18992] Functions runtime initialized. {\"cwd\":\"C:\\\\src\\\\my-web\\\\functions\",\"node_version\":\"16.13.0\"}"}}
[debug] [2022-01-01T03:57:07.103Z] [runtime-status] [18992] Disabled runtime features: undefined {"metadata":{"emulator":{"name":"functions"},"message":"[runtime-status] [18992] Disabled runtime features: undefined"}}
[debug] [2022-01-01T03:57:07.105Z] [runtime-status] [18992] Resolved module firebase-admin {"declared":true,"installed":true,"version":"9.12.0","resolution":"C:\\src\\my-web\\functions\\node_modules\\firebase-admin\\lib\\index.js"} {"metadata":{"emulator":{"name":"functions"},"message":"[runtime-status] [18992] Resolved module firebase-admin {\"declared\":true,\"installed\":true,\"version\":\"9.12.0\",\"resolution\":\"C:\\\\src\\\\my-web\\\\functions\\\\node_modules\\\\firebase-admin\\\\lib\\\\index.js\"}"}}
[debug] [2022-01-01T03:57:07.107Z] [runtime-status] [18992] Resolved module firebase-functions {"declared":true,"installed":true,"version":"3.16.0","resolution":"C:\\src\\my-web\\functions\\node_modules\\firebase-functions\\lib\\index.js"} {"metadata":{"emulator":{"name":"functions"},"message":"[runtime-status] [18992] Resolved module firebase-functions {\"declared\":true,\"installed\":true,\"version\":\"3.16.0\",\"resolution\":\"C:\\\\src\\\\my-web\\\\functions\\\\node_modules\\\\firebase-functions\\\\lib\\\\index.js\"}"}}
[debug] [2022-01-01T03:57:07.108Z] [runtime-status] [18992] Outgoing network have been stubbed. [{"name":"http","status":"mocked"},{"name":"http","status":"mocked"},{"name":"https","status":"mocked"},{"name":"https","status":"mocked"},{"name":"net","status":"mocked"}] {"metadata":{"emulator":{"name":"functions"},"message":"[runtime-status] [18992] Outgoing network have been stubbed. [{\"name\":\"http\",\"status\":\"mocked\"},{\"name\":\"http\",\"status\":\"mocked\"},{\"name\":\"https\",\"status\":\"mocked\"},{\"name\":\"https\",\"status\":\"mocked\"},{\"name\":\"net\",\"status\":\"mocked\"}]"}}
[debug] [2022-01-01T03:57:07.108Z] [runtime-status] [18992] Resolved module firebase-functions {"declared":true,"installed":true,"version":"3.16.0","resolution":"C:\\src\\my-web\\functions\\node_modules\\firebase-functions\\lib\\index.js"} {"metadata":{"emulator":{"name":"functions"},"message":"[runtime-status] [18992] Resolved module firebase-functions {\"declared\":true,\"installed\":true,\"version\":\"3.16.0\",\"resolution\":\"C:\\\\src\\\\my-web\\\\functions\\\\node_modules\\\\firebase-functions\\\\lib\\\\index.js\"}"}}
[debug] [2022-01-01T03:57:07.139Z] [runtime-status] [18992] Checked functions.config() {"config":{}} {"metadata":{"emulator":{"name":"functions"},"message":"[runtime-status] [18992] Checked functions.config() {\"config\":{}}"}}
[debug] [2022-01-01T03:57:07.139Z] [runtime-status] [18992] firebase-functions has been stubbed. {"functionsResolution":{"declared":true,"installed":true,"version":"3.16.0","resolution":"C:\\src\\my-web\\functions\\node_modules\\firebase-functions\\lib\\index.js"}} {"metadata":{"emulator":{"name":"functions"},"message":"[runtime-status] [18992] firebase-functions has been stubbed. {\"functionsResolution\":{\"declared\":true,\"installed\":true,\"version\":\"3.16.0\",\"resolution\":\"C:\\\\src\\\\my-web\\\\functions\\\\node_modules\\\\firebase-functions\\\\lib\\\\index.js\"}}"}}
[debug] [2022-01-01T03:57:07.140Z] [runtime-status] [18992] Resolved module firebase-functions {"declared":true,"installed":true,"version":"3.16.0","resolution":"C:\\src\\my-web\\functions\\node_modules\\firebase-functions\\lib\\index.js"} {"metadata":{"emulator":{"name":"functions"},"message":"[runtime-status] [18992] Resolved module firebase-functions {\"declared\":true,\"installed\":true,\"version\":\"3.16.0\",\"resolution\":\"C:\\\\src\\\\my-web\\\\functions\\\\node_modules\\\\firebase-functions\\\\lib\\\\index.js\"}"}}
[debug] [2022-01-01T03:57:07.141Z] [runtime-status] [18992] Resolved module firebase-admin {"declared":true,"installed":true,"version":"9.12.0","resolution":"C:\\src\\my-web\\functions\\node_modules\\firebase-admin\\lib\\index.js"} {"metadata":{"emulator":{"name":"functions"},"message":"[runtime-status] [18992] Resolved module firebase-admin {\"declared\":true,\"installed\":true,\"version\":\"9.12.0\",\"resolution\":\"C:\\\\src\\\\my-web\\\\functions\\\\node_modules\\\\firebase-admin\\\\lib\\\\index.js\"}"}}
[debug] [2022-01-01T03:57:07.141Z] [runtime-status] [18992] Resolved module firebase-functions {"declared":true,"installed":true,"version":"3.16.0","resolution":"C:\\src\\my-web\\functions\\node_modules\\firebase-functions\\lib\\index.js"} {"metadata":{"emulator":{"name":"functions"},"message":"[runtime-status] [18992] Resolved module firebase-functions {\"declared\":true,\"installed\":true,\"version\":\"3.16.0\",\"resolution\":\"C:\\\\src\\\\my-web\\\\functions\\\\node_modules\\\\firebase-functions\\\\lib\\\\index.js\"}"}}
[debug] [2022-01-01T03:57:07.141Z] [runtime-status] [18992] firebase-admin has been stubbed. {"adminResolution":{"declared":true,"installed":true,"version":"9.12.0","resolution":"C:\\src\\my-web\\functions\\node_modules\\firebase-admin\\lib\\index.js"}} {"metadata":{"emulator":{"name":"functions"},"message":"[runtime-status] [18992] firebase-admin has been stubbed. {\"adminResolution\":{\"declared\":true,\"installed\":true,\"version\":\"9.12.0\",\"resolution\":\"C:\\\\src\\\\my-web\\\\functions\\\\node_modules\\\\firebase-admin\\\\lib\\\\index.js\"}}"}}
[info] +  functions[us-central1-helloWorld]: http function initialized (http://localhost:5001/blog-61ad4/us-central1/helloWorld). {"metadata":{"emulator":{"name":"functions"},"message":"\u001b[1mhttp\u001b[22m function initialized (http://localhost:5001/blog-61ad4/us-central1/helloWorld)."}}
[info] 
┌─────────────────────────────────────────────────────────────┐
│ ✔  All emulators ready! It is now safe to connect your app. │
│ i  View Emulator UI at http://localhost:4000                │
└─────────────────────────────────────────────────────────────┘

┌───────────┬────────────────┬─────────────────────────────────┐
│ Emulator  │ Host:Port      │ View in Emulator UI             │
├───────────┼────────────────┼─────────────────────────────────┤
│ Functions │ localhost:5001 │ http://localhost:4000/functions │
└───────────┴────────────────┴─────────────────────────────────┘
  Emulator Hub running at localhost:4400
  Other reserved ports: 4500

Issues? Report them at https://github.com/firebase/firebase-tools/issues and attach the *-debug.log files.
 
[debug] [2022-01-01T03:57:07.147Z] [worker-~diagnostic~-a8af539e-be8b-427d-a968-cf9251198252]: IDLE {"metadata":{"emulator":{"name":"functions"},"message":"[worker-~diagnostic~-a8af539e-be8b-427d-a968-cf9251198252]: IDLE"}}
